// 重构日志: 8016c896
// 重构日志: aa1dcb61
// 重构日志: 302836b7
// 重构日志: 9eed3412
// 同步 ID: 60128cd6 @ Wed Jun 24 11:32:32 UTC 2026
// 重构日志: 925f9587
// 重构日志: 6c461ef5
// 重构日志: e632f1c6
// 重构日志: ef925665
// 重构日志: 27fff807
// 重构日志: b6446168
// 重构日志: 80e58f1b
// 同步 ID: 28a7c3af @ Sat Jul 11 12:42:16 UTC 2026
// 重构日志: 20ecd543
// 重构日志: 5fdab934
// 重构日志: 52779e5f
// 重构日志: 84e31164
// 重构日志: fcaf3f0e
// 同步 ID: 20c39ce4 @ Wed Jul 15 15:57:58 UTC 2026
// 同步 ID: d24ab133 @ Thu Jul 16 00:37:04 UTC 2026
// 同步 ID: 4d4c0203 @ Thu Jul 16 09:58:58 UTC 2026
// 同步 ID: ececf47e @ Fri Jul 17 04:08:42 UTC 2026
// 重构日志: 0559c938
// 重构日志: e165549b
// 重构日志: d487e8e8
// 重构日志: 767f6fe6
// 同步 ID: 0555613e @ Sun Jul 19 12:03:32 UTC 2026
// 重构日志: 5207254b
// 重构日志: 100d58dc
// 同步 ID: a0f6cb31 @ Mon Jul 20 11:18:01 UTC 2026
// 重构日志: 2b2f9816
